  helloworld.c
C:\Users\luke0\OneDrive\Desktop\Project1\Project1\helloworld.c(1,1): error C2137: 문자 상수가 비어 있습니다.
C:\Users\luke0\OneDrive\Desktop\Project1\Project1\helloworld.c(1,1): error C2059: 구문 오류: '상수'
C:\Users\luke0\OneDrive\Desktop\Project1\Project1\helloworld.c(1,3): error C2137: 문자 상수가 비어 있습니다.
C:\Program Files\Microsoft Visual Studio\2022\Community\VC\Tools\MSVC\14.44.35207\include\vcruntime.h(399,61): error C2146: 구문 오류: ')'이(가) '_StackCookie' 식별자 앞에 없습니다.
  (소스 파일 'helloworld.c'을(를) 컴파일하는 중)
  
C:\Program Files\Microsoft Visual Studio\2022\Community\VC\Tools\MSVC\14.44.35207\include\vcruntime.h(399,61): error C2061: 구문 오류: 식별자 '_StackCookie'
  (소스 파일 'helloworld.c'을(를) 컴파일하는 중)
  
C:\Program Files\Microsoft Visual Studio\2022\Community\VC\Tools\MSVC\14.44.35207\include\vcruntime.h(399,61): error C2059: 구문 오류: ';'
  (소스 파일 'helloworld.c'을(를) 컴파일하는 중)
  
C:\Program Files\Microsoft Visual Studio\2022\Community\VC\Tools\MSVC\14.44.35207\include\vcruntime.h(399,73): error C2059: 구문 오류: ')'
  (소스 파일 'helloworld.c'을(를) 컴파일하는 중)
  
C:\Program Files\Microsoft Visual Studio\2022\Community\VC\Tools\MSVC\14.44.35207\include\vcruntime.h(400,77): error C2146: 구문 오류: ')'이(가) '_StackCookie' 식별자 앞에 없습니다.
  (소스 파일 'helloworld.c'을(를) 컴파일하는 중)
  
C:\Program Files\Microsoft Visual Studio\2022\Community\VC\Tools\MSVC\14.44.35207\include\vcruntime.h(400,77): error C2061: 구문 오류: 식별자 '_StackCookie'
  (소스 파일 'helloworld.c'을(를) 컴파일하는 중)
  
C:\Program Files\Microsoft Visual Studio\2022\Community\VC\Tools\MSVC\14.44.35207\include\vcruntime.h(400,77): error C2059: 구문 오류: ';'
  (소스 파일 'helloworld.c'을(를) 컴파일하는 중)
  
C:\Program Files\Microsoft Visual Studio\2022\Community\VC\Tools\MSVC\14.44.35207\include\vcruntime.h(400,89): error C2059: 구문 오류: ')'
  (소스 파일 'helloworld.c'을(를) 컴파일하는 중)
  
C:\Program Files\Microsoft Visual Studio\2022\Community\VC\Tools\MSVC\14.44.35207\include\vcruntime.h(404,18): error C2061: 구문 오류: 식별자 '__security_cookie'
  (소스 파일 'helloworld.c'을(를) 컴파일하는 중)
  
C:\Program Files\Microsoft Visual Studio\2022\Community\VC\Tools\MSVC\14.44.35207\include\vcruntime.h(404,18): error C2059: 구문 오류: ';'
  (소스 파일 'helloworld.c'을(를) 컴파일하는 중)
  
C:\Program Files (x86)\Windows Kits\10\Include\10.0.26100.0\ucrt\corecrt.h(367,20): error C2081: 'uintptr_t': 정식 매개 변수 목록에 있는 이름이 잘못되었습니다.
  (소스 파일 'helloworld.c'을(를) 컴파일하는 중)
  
C:\Program Files (x86)\Windows Kits\10\Include\10.0.26100.0\ucrt\corecrt.h(380,26): error C2146: 구문 오류: ')'이(가) '_Reserved' 식별자 앞에 없습니다.
  (소스 파일 'helloworld.c'을(를) 컴파일하는 중)
  
C:\Program Files (x86)\Windows Kits\10\Include\10.0.26100.0\ucrt\corecrt.h(380,16): error C2081: 'uintptr_t': 정식 매개 변수 목록에 있는 이름이 잘못되었습니다.
  (소스 파일 'helloworld.c'을(를) 컴파일하는 중)
  
C:\Program Files (x86)\Windows Kits\10\Include\10.0.26100.0\ucrt\corecrt.h(380,26): error C2061: 구문 오류: 식별자 '_Reserved'
  (소스 파일 'helloworld.c'을(를) 컴파일하는 중)
  
C:\Program Files (x86)\Windows Kits\10\Include\10.0.26100.0\ucrt\corecrt.h(380,26): error C2059: 구문 오류: ';'
  (소스 파일 'helloworld.c'을(를) 컴파일하는 중)
  
C:\Program Files (x86)\Windows Kits\10\Include\10.0.26100.0\ucrt\corecrt.h(380,35): error C2059: 구문 오류: ')'
  (소스 파일 'helloworld.c'을(를) 컴파일하는 중)
  
C:\Users\luke0\OneDrive\Desktop\Project1\Project1\helloworld.c(12,1): error C2137: 문자 상수가 비어 있습니다.
C:\Users\luke0\OneDrive\Desktop\Project1\Project1\helloworld.c(12,1): error C2059: 구문 오류: '상수'
C:\Users\luke0\OneDrive\Desktop\Project1\Project1\helloworld.c(12,3): error C2137: 문자 상수가 비어 있습니다.
